cargo build -Z build-std=core,compiler_builtins -Z json-target-spec --target target.json --release
   Compiling atomic_os v0.1.0 (/home/caya/Atomic-OS)
warning: unused import: `log_info`
 --> src/interrupts/idt.rs:3:33
  |
3 | ...r, log_info};
  |       ^^^^^^^^
  |
  = note: `#[warn(unused_imports)]` (part of `#[warn(unused)]`) on by default

warning: creating a shared reference to mutable static
  --> src/interrupts/gdt.rs:15:59
   |
15 | ... { &STACK });
   |       ^^^^^^ shared reference to mutable static
   |
   = note: for more information, see <https://doc.rust-lang.org/edition-guide/rust-2024/static-mut-references.html>
   = note: shared references to mutable statics are dangerous; it's undefined behavior if the static is mutated or if a mutable reference is created for it while the shared reference lives
   = note: `#[warn(static_mut_refs)]` (part of `#[warn(rust_2024_compatibility)]`) on by default
help: use `&raw const` instead to create a raw pointer
   |
15 |             let stack_start = VirtAddr::from_ptr(unsafe { &raw const STACK });
   |                                                            +++++++++

warning: `atomic_os` (lib) generated 2 warnings (run `cargo fix --lib -p atomic_os` to apply 1 suggestion)
    Finished `release` profile [optimized] target(s) in 0.19s
mkdir -p build
ld -n -T linker.ld -o build/kernel.bin  build/boot/boot.o  build/boot/long_mode_init.o  build/boot/multiboot_header.o target/target/release/libatomic_os.a
ld: warning: build/boot/multiboot_header.o: missing .note.GNU-stack section implies executable stack
ld: NOTE: This behaviour is deprecated and will be removed in a future version of the linker
ld: warning: build/kernel.bin has a LOAD segment with RWX permissions
mkdir -p build/isodir/boot/grub
cp build/kernel.bin build/isodir/boot/kernel.bin
echo -e 'set timeout=0\nset default=0\nmenuentry "AtomicOS" {\n  multiboot2 /boot/kernel.bin\n  boot\n}' > build/isodir/boot/grub/grub.cfg
grub-mkrescue -o build/atomic_os.iso build/isodir
xorriso 1.5.6 : RockRidge filesystem manipulator, libburnia project.

Drive current: -outdev 'stdio:build/atomic_os.iso'
Media current: stdio file, overwriteable
Media status : is blank
Media summary: 0 sessions, 0 data blocks, 0 data,  165g free
Added to ISO image: directory '/'='/tmp/grub.Th43gP'
xorriso : UPDATE :     596 files added in 1 seconds
Added to ISO image: directory '/'='/home/caya/Atomic-OS/build/isodir'
xorriso : UPDATE :     600 files added in 1 seconds
xorriso : NOTE : Copying to System Area: 512 bytes from file '/usr/lib/grub/i386-pc/boot_hybrid.img'
ISO image produced: 6245 sectors
Written to medium : 6245 sectors at LBA 0
Writing to 'stdio:build/atomic_os.iso' completed successfully.

qemu-system-x86_64 -cdrom build/atomic_os.iso -serial stdio -d int,cpu_reset -no-reboot -no-shutdown
